<?xml version="1.0" encoding="UTF-8"?>
<robot generator="Robot 7.0 (Python 3.12.1 on win32)" generated="2024-02-05T06:13:21.378202" rpa="false" schemaversion="5">
<suite id="s1" name="Signup" source="F:\RobotQAx\projects\walkdog-robot\testes\signup.robot">
<test id="s1-t1" name="Deve poder cadastrar um novo dog walker" line="8">
<kw name="Create Dictionary" owner="BuiltIn">
<var>${dog_walker}</var>
<arg>name=Ajota</arg>
<arg>email=ajteste@gmail.com</arg>
<arg>cpf=00000014141</arg>
<arg>cep=04534011</arg>
<arg>street=Rua Joaquim Floriano</arg>
<arg>number=2000</arg>
<arg>details=Apto34</arg>
<arg>district=Itaim Bibi</arg>
<arg>cityUf=São Paulo/SP</arg>
<arg>cnh=toretto.jpg</arg>
<doc>Creates and returns a dictionary based on the given ``items``.</doc>
<status status="FAIL" start="2024-02-05T06:17:58.043846" elapsed="0.000000">Execution terminated by signal</status>
</kw>
<kw name="Go to signup page" owner="signup">
<status status="NOT RUN" start="2024-02-05T06:18:03.649530" elapsed="0.000000"/>
</kw>
<kw name="Fill signup form" owner="signup">
<arg>${dog_walker}</arg>
<status status="NOT RUN" start="2024-02-05T06:18:03.650531" elapsed="0.000000"/>
</kw>
<kw name="Submit signup form" owner="signup">
<status status="NOT RUN" start="2024-02-05T06:18:03.651530" elapsed="0.000000"/>
</kw>
<kw name="Popup should be" owner="signup">
<arg>Recebemos o seu cadastro e em breve retornaremos o contato.</arg>
<status status="NOT RUN" start="2024-02-05T06:18:03.652529" elapsed="0.000000"/>
</kw>
<status status="FAIL" start="2024-02-05T06:17:58.036848" elapsed="5.615681">Execution terminated by signal</status>
</test>
<doc>Suite de testes de cadastro de dog walker</doc>
<status status="FAIL" start="2024-02-05T06:13:21.401188" elapsed="282.407696"/>
</suite>
<statistics>
<total>
<stat pass="0" fail="1" skip="0">All Tests</stat>
</total>
<tag>
</tag>
<suite>
<stat pass="0" fail="1" skip="0" id="s1" name="Signup">Signup</stat>
</suite>
</statistics>
<errors>
<msg time="2024-02-05T06:17:07.403044" level="ERROR">Error in file 'F:\RobotQAx\projects\walkdog-robot\resources\base.resource' on line 4: Importing library 'Browser' failed: ImportError: DLL load failed while importing cygrpc: Uma rotina de inicialização da biblioteca de vínculo dinâmico (DLL) falhou.
Traceback (most recent call last):
  File "F:\python312\Lib\site-packages\Browser\__init__.py", line 16, in &lt;module&gt;
    from .browser import Browser
  File "F:\python312\Lib\site-packages\Browser\browser.py", line 37, in &lt;module&gt;
    from .keywords import (
  File "F:\python312\Lib\site-packages\Browser\keywords\__init__.py", line 20, in &lt;module&gt;
    from .getters import Getters
  File "F:\python312\Lib\site-packages\Browser\keywords\getters.py", line 18, in &lt;module&gt;
    import grpc  # type: ignore
    ^^^^^^^^^^^
  File "F:\python312\Lib\site-packages\grpc\__init__.py", line 22, in &lt;module&gt;
    from grpc import _compression
  File "F:\python312\Lib\site-packages\grpc\_compression.py", line 20, in &lt;module&gt;
    from grpc._cython import cygrpc
PYTHONPATH:
  F:\python312\Scripts\robot.exe
  F:\python312\python312.zip
  F:\python312\DLLs
  F:\python312\Lib
  F:\python312
  F:\python312\Lib\site-packages</msg>
</errors>
</robot>
